Analysis & Synthesis report for calculator
Mon Apr 14 19:12:48 2025
Quartus Prime Version 23.1std.0 Build 991 11/28/2023 SC Lite Edition


---------------------
; Table of Contents ;
---------------------
  1. Legal Notice
  2. Analysis & Synthesis Summary
  3. Analysis & Synthesis Settings
  4. Parallel Compilation
  5. Analysis & Synthesis Source Files Read
  6. Analysis & Synthesis Resource Usage Summary
  7. Analysis & Synthesis Resource Utilization by Entity
  8. General Register Statistics
  9. Parameter Settings for User Entity Instance: calculator_rtl:u_calculator_rtl|bin2bcd:bcd1
 10. Parameter Settings for User Entity Instance: calculator_rtl:u_calculator_rtl|bin2bcd:bcd2
 11. Parameter Settings for User Entity Instance: calculator_rtl:u_calculator_rtl|bin2bcd:bcd3
 12. Parameter Settings for User Entity Instance: calculator_rtl:u_calculator_rtl|number_display:display[0].disp1
 13. Parameter Settings for User Entity Instance: calculator_rtl:u_calculator_rtl|number_display:display[0].disp2
 14. Parameter Settings for User Entity Instance: calculator_rtl:u_calculator_rtl|number_display:display[1].disp1
 15. Parameter Settings for User Entity Instance: calculator_rtl:u_calculator_rtl|number_display:display[1].disp2
 16. Parameter Settings for User Entity Instance: calculator_rtl:u_calculator_rtl|number_display:display[2].disp1
 17. Parameter Settings for User Entity Instance: calculator_rtl:u_calculator_rtl|number_display:display[2].disp2
 18. Port Connectivity Checks: "calculator_rtl:u_calculator_rtl|number_display:display[2].disp2"
 19. Port Connectivity Checks: "calculator_rtl:u_calculator_rtl|number_display:display[2].disp1"
 20. Port Connectivity Checks: "calculator_rtl:u_calculator_rtl|number_display:display[1].disp2"
 21. Port Connectivity Checks: "calculator_rtl:u_calculator_rtl|number_display:display[1].disp1"
 22. Port Connectivity Checks: "calculator_rtl:u_calculator_rtl|number_display:display[0].disp2"
 23. Port Connectivity Checks: "calculator_rtl:u_calculator_rtl|number_display:display[0].disp1"
 24. Port Connectivity Checks: "calculator_rtl:u_calculator_rtl|bin2bcd:bcd2"
 25. Port Connectivity Checks: "calculator_rtl:u_calculator_rtl|bin2bcd:bcd1"
 26. Post-Synthesis Netlist Statistics for Top Partition
 27. Elapsed Time Per Partition
 28. Analysis & Synthesis Messages



----------------
; Legal Notice ;
----------------
Copyright (C) 2023  Intel Corporation. All rights reserved.
Your use of Intel Corporation's design tools, logic functions 
and other software and tools, and any partner logic 
functions, and any output files from any of the foregoing 
(including device programming or simulation files), and any 
associated documentation or information are expressly subject 
to the terms and conditions of the Intel Program License 
Subscription Agreement, the Intel Quartus Prime License Agreement,
the Intel FPGA IP License Agreement, or other applicable license
agreement, including, without limitation, that your use is for
the sole purpose of programming logic devices manufactured by
Intel and sold by Intel or its authorized distributors.  Please
refer to the applicable agreement for further details, at
https://fpgasoftware.intel.com/eula.



+-------------------------------------------------------------------------------------+
; Analysis & Synthesis Summary                                                        ;
+------------------------------------+------------------------------------------------+
; Analysis & Synthesis Status        ; Successful - Mon Apr 14 19:12:48 2025          ;
; Quartus Prime Version              ; 23.1std.0 Build 991 11/28/2023 SC Lite Edition ;
; Revision Name                      ; calculator                                     ;
; Top-level Entity Name              ; calculator                                     ;
; Family                             ; Cyclone IV E                                   ;
; Total logic elements               ; 125                                            ;
;     Total combinational functions  ; 125                                            ;
;     Dedicated logic registers      ; 0                                              ;
; Total registers                    ; 0                                              ;
; Total pins                         ; 60                                             ;
; Total virtual pins                 ; 0                                              ;
; Total memory bits                  ; 0                                              ;
; Embedded Multiplier 9-bit elements ; 0                                              ;
; Total PLLs                         ; 0                                              ;
+------------------------------------+------------------------------------------------+


+------------------------------------------------------------------------------------------------------------+
; Analysis & Synthesis Settings                                                                              ;
+------------------------------------------------------------------+--------------------+--------------------+
; Option                                                           ; Setting            ; Default Value      ;
+------------------------------------------------------------------+--------------------+--------------------+
; Device                                                           ; EP4CE115F29C7      ;                    ;
; Top-level entity name                                            ; calculator         ; calculator         ;
; Family name                                                      ; Cyclone IV E       ; Cyclone V          ;
; Use smart compilation                                            ; Off                ; Off                ;
; Enable parallel Assembler and Timing Analyzer during compilation ; On                 ; On                 ;
; Enable compact report table                                      ; Off                ; Off                ;
; Restructure Multiplexers                                         ; Auto               ; Auto               ;
; Create Debugging Nodes for IP Cores                              ; Off                ; Off                ;
; Preserve fewer node names                                        ; On                 ; On                 ;
; Intel FPGA IP Evaluation Mode                                    ; Enable             ; Enable             ;
; Verilog Version                                                  ; Verilog_2001       ; Verilog_2001       ;
; VHDL Version                                                     ; VHDL_1993          ; VHDL_1993          ;
; State Machine Processing                                         ; Auto               ; Auto               ;
; Safe State Machine                                               ; Off                ; Off                ;
; Extract Verilog State Machines                                   ; On                 ; On                 ;
; Extract VHDL State Machines                                      ; On                 ; On                 ;
; Ignore Verilog initial constructs                                ; Off                ; Off                ;
; Iteration limit for constant Verilog loops                       ; 5000               ; 5000               ;
; Iteration limit for non-constant Verilog loops                   ; 250                ; 250                ;
; Add Pass-Through Logic to Inferred RAMs                          ; On                 ; On                 ;
; Infer RAMs from Raw Logic                                        ; On                 ; On                 ;
; Parallel Synthesis                                               ; On                 ; On                 ;
; DSP Block Balancing                                              ; Auto               ; Auto               ;
; NOT Gate Push-Back                                               ; On                 ; On                 ;
; Power-Up Don't Care                                              ; On                 ; On                 ;
; Remove Redundant Logic Cells                                     ; Off                ; Off                ;
; Remove Duplicate Registers                                       ; On                 ; On                 ;
; Ignore CARRY Buffers                                             ; Off                ; Off                ;
; Ignore CASCADE Buffers                                           ; Off                ; Off                ;
; Ignore GLOBAL Buffers                                            ; Off                ; Off                ;
; Ignore ROW GLOBAL Buffers                                        ; Off                ; Off                ;
; Ignore LCELL Buffers                                             ; Off                ; Off                ;
; Ignore SOFT Buffers                                              ; On                 ; On                 ;
; Limit AHDL Integers to 32 Bits                                   ; Off                ; Off                ;
; Optimization Technique                                           ; Balanced           ; Balanced           ;
; Carry Chain Length                                               ; 70                 ; 70                 ;
; Auto Carry Chains                                                ; On                 ; On                 ;
; Auto Open-Drain Pins                                             ; On                 ; On                 ;
; Perform WYSIWYG Primitive Resynthesis                            ; Off                ; Off                ;
; Auto ROM Replacement                                             ; On                 ; On                 ;
; Auto RAM Replacement                                             ; On                 ; On                 ;
; Auto DSP Block Replacement                                       ; On                 ; On                 ;
; Auto Shift Register Replacement                                  ; Auto               ; Auto               ;
; Allow Shift Register Merging across Hierarchies                  ; Auto               ; Auto               ;
; Auto Clock Enable Replacement                                    ; On                 ; On                 ;
; Strict RAM Replacement                                           ; Off                ; Off                ;
; Allow Synchronous Control Signals                                ; On                 ; On                 ;
; Force Use of Synchronous Clear Signals                           ; Off                ; Off                ;
; Auto RAM Block Balancing                                         ; On                 ; On                 ;
; Auto RAM to Logic Cell Conversion                                ; Off                ; Off                ;
; Auto Resource Sharing                                            ; Off                ; Off                ;
; Allow Any RAM Size For Recognition                               ; Off                ; Off                ;
; Allow Any ROM Size For Recognition                               ; Off                ; Off                ;
; Allow Any Shift Register Size For Recognition                    ; Off                ; Off                ;
; Use LogicLock Constraints during Resource Balancing              ; On                 ; On                 ;
; Ignore translate_off and synthesis_off directives                ; Off                ; Off                ;
; Timing-Driven Synthesis                                          ; On                 ; On                 ;
; Report Parameter Settings                                        ; On                 ; On                 ;
; Report Source Assignments                                        ; On                 ; On                 ;
; Report Connectivity Checks                                       ; On                 ; On                 ;
; Ignore Maximum Fan-Out Assignments                               ; Off                ; Off                ;
; Synchronization Register Chain Length                            ; 2                  ; 2                  ;
; Power Optimization During Synthesis                              ; Normal compilation ; Normal compilation ;
; HDL message level                                                ; Level2             ; Level2             ;
; Suppress Register Optimization Related Messages                  ; Off                ; Off                ;
; Number of Removed Registers Reported in Synthesis Report         ; 5000               ; 5000               ;
; Number of Swept Nodes Reported in Synthesis Report               ; 5000               ; 5000               ;
; Number of Inverted Registers Reported in Synthesis Report        ; 100                ; 100                ;
; Clock MUX Protection                                             ; On                 ; On                 ;
; Auto Gated Clock Conversion                                      ; Off                ; Off                ;
; Block Design Naming                                              ; Auto               ; Auto               ;
; SDC constraint protection                                        ; Off                ; Off                ;
; Synthesis Effort                                                 ; Auto               ; Auto               ;
; Shift Register Replacement - Allow Asynchronous Clear Signal     ; On                 ; On                 ;
; Pre-Mapping Resynthesis Optimization                             ; Off                ; Off                ;
; Analysis & Synthesis Message Level                               ; Medium             ; Medium             ;
; Disable Register Merging Across Hierarchies                      ; Auto               ; Auto               ;
; Resource Aware Inference For Block RAM                           ; On                 ; On                 ;
+------------------------------------------------------------------+--------------------+--------------------+


+------------------------------------------+
; Parallel Compilation                     ;
+----------------------------+-------------+
; Processors                 ; Number      ;
+----------------------------+-------------+
; Number detected on machine ; 24          ;
; Maximum allowed            ; 16          ;
;                            ;             ;
; Average used               ; 1.00        ;
; Maximum used               ; 1           ;
;                            ;             ;
; Usage by Processor         ; % Time Used ;
;     Processor 1            ; 100.0%      ;
+----------------------------+-------------+


+--------------------------------------------------------------------------------------------------------------------------------------------------------------------+
; Analysis & Synthesis Source Files Read                                                                                                                             ;
+----------------------------------+-----------------+------------------------+----------------------------------------------------------------------------+---------+
; File Name with User-Entered Path ; Used in Netlist ; File Type              ; File Name with Absolute Path                                               ; Library ;
+----------------------------------+-----------------+------------------------+----------------------------------------------------------------------------+---------+
; ../code/number_display.v         ; yes             ; User Verilog HDL File  ; D:/A_study/AAA-DaErXia/IC/experiment/4.7/calculator/code/number_display.v  ;         ;
; ../code/calcultator_rtl.v        ; yes             ; User Verilog HDL File  ; D:/A_study/AAA-DaErXia/IC/experiment/4.7/calculator/code/calcultator_rtl.v ;         ;
; ../code/calculator.v             ; yes             ; User Verilog HDL File  ; D:/A_study/AAA-DaErXia/IC/experiment/4.7/calculator/code/calculator.v      ;         ;
; ../code/bin2bcd.v                ; yes             ; User Verilog HDL File  ; D:/A_study/AAA-DaErXia/IC/experiment/4.7/calculator/code/bin2bcd.v         ;         ;
+----------------------------------+-----------------+------------------------+----------------------------------------------------------------------------+---------+


+------------------------------------------------------------+
; Analysis & Synthesis Resource Usage Summary                ;
+---------------------------------------------+--------------+
; Resource                                    ; Usage        ;
+---------------------------------------------+--------------+
; Estimated Total logic elements              ; 125          ;
;                                             ;              ;
; Total combinational functions               ; 125          ;
; Logic element usage by number of LUT inputs ;              ;
;     -- 4 input functions                    ; 88           ;
;     -- 3 input functions                    ; 24           ;
;     -- <=2 input functions                  ; 13           ;
;                                             ;              ;
; Logic elements by mode                      ;              ;
;     -- normal mode                          ; 117          ;
;     -- arithmetic mode                      ; 8            ;
;                                             ;              ;
; Total registers                             ; 0            ;
;     -- Dedicated logic registers            ; 0            ;
;     -- I/O registers                        ; 0            ;
;                                             ;              ;
; I/O pins                                    ; 60           ;
;                                             ;              ;
; Embedded Multiplier 9-bit elements          ; 0            ;
;                                             ;              ;
; Maximum fan-out node                        ; SW[16]~input ;
; Maximum fan-out                             ; 17           ;
; Total fan-out                               ; 547          ;
; Average fan-out                             ; 2.23         ;
+---------------------------------------------+--------------+


+----------------------------------------------------------------------------------------------------------------------------------------------------------------------------------------------------------------------------------------------------------------------------------+
; Analysis & Synthesis Resource Utilization by Entity                                                                                                                                                                                                                              ;
+-----------------------------------------+---------------------+---------------------------+-------------+--------------+---------+-----------+------+--------------+-----------------------------------------------------------------------------+----------------+--------------+
; Compilation Hierarchy Node              ; Combinational ALUTs ; Dedicated Logic Registers ; Memory Bits ; DSP Elements ; DSP 9x9 ; DSP 18x18 ; Pins ; Virtual Pins ; Full Hierarchy Name                                                         ; Entity Name    ; Library Name ;
+-----------------------------------------+---------------------+---------------------------+-------------+--------------+---------+-----------+------+--------------+-----------------------------------------------------------------------------+----------------+--------------+
; |calculator                             ; 125 (0)             ; 0 (0)                     ; 0           ; 0            ; 0       ; 0         ; 60   ; 0            ; |calculator                                                                 ; calculator     ; work         ;
;    |calculator_rtl:u_calculator_rtl|    ; 125 (33)            ; 0 (0)                     ; 0           ; 0            ; 0       ; 0         ; 0    ; 0            ; |calculator|calculator_rtl:u_calculator_rtl                                 ; calculator_rtl ; work         ;
;       |bin2bcd:bcd1|                    ; 7 (7)               ; 0 (0)                     ; 0           ; 0            ; 0       ; 0         ; 0    ; 0            ; |calculator|calculator_rtl:u_calculator_rtl|bin2bcd:bcd1                    ; bin2bcd        ; work         ;
;       |bin2bcd:bcd2|                    ; 21 (21)             ; 0 (0)                     ; 0           ; 0            ; 0       ; 0         ; 0    ; 0            ; |calculator|calculator_rtl:u_calculator_rtl|bin2bcd:bcd2                    ; bin2bcd        ; work         ;
;       |bin2bcd:bcd3|                    ; 31 (31)             ; 0 (0)                     ; 0           ; 0            ; 0       ; 0         ; 0    ; 0            ; |calculator|calculator_rtl:u_calculator_rtl|bin2bcd:bcd3                    ; bin2bcd        ; work         ;
;       |number_display:display[0].disp1| ; 7 (7)               ; 0 (0)                     ; 0           ; 0            ; 0       ; 0         ; 0    ; 0            ; |calculator|calculator_rtl:u_calculator_rtl|number_display:display[0].disp1 ; number_display ; work         ;
;       |number_display:display[0].disp2| ; 7 (7)               ; 0 (0)                     ; 0           ; 0            ; 0       ; 0         ; 0    ; 0            ; |calculator|calculator_rtl:u_calculator_rtl|number_display:display[0].disp2 ; number_display ; work         ;
;       |number_display:display[1].disp1| ; 7 (7)               ; 0 (0)                     ; 0           ; 0            ; 0       ; 0         ; 0    ; 0            ; |calculator|calculator_rtl:u_calculator_rtl|number_display:display[1].disp1 ; number_display ; work         ;
;       |number_display:display[1].disp2| ; 7 (7)               ; 0 (0)                     ; 0           ; 0            ; 0       ; 0         ; 0    ; 0            ; |calculator|calculator_rtl:u_calculator_rtl|number_display:display[1].disp2 ; number_display ; work         ;
;       |number_display:display[2].disp2| ; 5 (5)               ; 0 (0)                     ; 0           ; 0            ; 0       ; 0         ; 0    ; 0            ; |calculator|calculator_rtl:u_calculator_rtl|number_display:display[2].disp2 ; number_display ; work         ;
+-----------------------------------------+---------------------+---------------------------+-------------+--------------+---------+-----------+------+--------------+-----------------------------------------------------------------------------+----------------+--------------+
Note: For table entries with two numbers listed, the numbers in parentheses indicate the number of resources of the given type used by the specific entity alone. The numbers listed outside of parentheses indicate the total resources of the given type used by the specific entity and all of its sub-entities in the hierarchy.


+------------------------------------------------------+
; General Register Statistics                          ;
+----------------------------------------------+-------+
; Statistic                                    ; Value ;
+----------------------------------------------+-------+
; Total registers                              ; 0     ;
; Number of registers using Synchronous Clear  ; 0     ;
; Number of registers using Synchronous Load   ; 0     ;
; Number of registers using Asynchronous Clear ; 0     ;
; Number of registers using Asynchronous Load  ; 0     ;
; Number of registers using Clock Enable       ; 0     ;
; Number of registers using Preset             ; 0     ;
+----------------------------------------------+-------+


+-------------------------------------------------------------------------------------------+
; Parameter Settings for User Entity Instance: calculator_rtl:u_calculator_rtl|bin2bcd:bcd1 ;
+----------------+-------+------------------------------------------------------------------+
; Parameter Name ; Value ; Type                                                             ;
+----------------+-------+------------------------------------------------------------------+
; BIN_WIDTH      ; 8     ; Signed Integer                                                   ;
; BCD_CNT        ; 3     ; Signed Integer                                                   ;
+----------------+-------+------------------------------------------------------------------+
Note: In order to hide this table in the UI and the text report file, please set the "Show Parameter Settings in Synthesis Report" option in "Analysis and Synthesis Settings -> More Settings" to "Off".


+-------------------------------------------------------------------------------------------+
; Parameter Settings for User Entity Instance: calculator_rtl:u_calculator_rtl|bin2bcd:bcd2 ;
+----------------+-------+------------------------------------------------------------------+
; Parameter Name ; Value ; Type                                                             ;
+----------------+-------+------------------------------------------------------------------+
; BIN_WIDTH      ; 8     ; Signed Integer                                                   ;
; BCD_CNT        ; 3     ; Signed Integer                                                   ;
+----------------+-------+------------------------------------------------------------------+
Note: In order to hide this table in the UI and the text report file, please set the "Show Parameter Settings in Synthesis Report" option in "Analysis and Synthesis Settings -> More Settings" to "Off".


+-------------------------------------------------------------------------------------------+
; Parameter Settings for User Entity Instance: calculator_rtl:u_calculator_rtl|bin2bcd:bcd3 ;
+----------------+-------+------------------------------------------------------------------+
; Parameter Name ; Value ; Type                                                             ;
+----------------+-------+------------------------------------------------------------------+
; BIN_WIDTH      ; 8     ; Signed Integer                                                   ;
; BCD_CNT        ; 3     ; Signed Integer                                                   ;
+----------------+-------+------------------------------------------------------------------+
Note: In order to hide this table in the UI and the text report file, please set the "Show Parameter Settings in Synthesis Report" option in "Analysis and Synthesis Settings -> More Settings" to "Off".


+--------------------------------------------------------------------------------------------------------------+
; Parameter Settings for User Entity Instance: calculator_rtl:u_calculator_rtl|number_display:display[0].disp1 ;
+----------------+---------+-----------------------------------------------------------------------------------+
; Parameter Name ; Value   ; Type                                                                              ;
+----------------+---------+-----------------------------------------------------------------------------------+
; in0            ; 1000000 ; Unsigned Binary                                                                   ;
; in1            ; 1111001 ; Unsigned Binary                                                                   ;
; in2            ; 0100100 ; Unsigned Binary                                                                   ;
; in3            ; 0110000 ; Unsigned Binary                                                                   ;
; in4            ; 0011001 ; Unsigned Binary                                                                   ;
; in5            ; 0010010 ; Unsigned Binary                                                                   ;
; in6            ; 0000010 ; Unsigned Binary                                                                   ;
; in7            ; 1111000 ; Unsigned Binary                                                                   ;
; in8            ; 0000000 ; Unsigned Binary                                                                   ;
; in9            ; 0010000 ; Unsigned Binary                                                                   ;
; in10           ; 0001000 ; Unsigned Binary                                                                   ;
; in11           ; 0000011 ; Unsigned Binary                                                                   ;
; in12           ; 1000110 ; Unsigned Binary                                                                   ;
; in13           ; 0100001 ; Unsigned Binary                                                                   ;
; in14           ; 0000110 ; Unsigned Binary                                                                   ;
; in15           ; 0001110 ; Unsigned Binary                                                                   ;
+----------------+---------+-----------------------------------------------------------------------------------+
Note: In order to hide this table in the UI and the text report file, please set the "Show Parameter Settings in Synthesis Report" option in "Analysis and Synthesis Settings -> More Settings" to "Off".


+--------------------------------------------------------------------------------------------------------------+
; Parameter Settings for User Entity Instance: calculator_rtl:u_calculator_rtl|number_display:display[0].disp2 ;
+----------------+---------+-----------------------------------------------------------------------------------+
; Parameter Name ; Value   ; Type                                                                              ;
+----------------+---------+-----------------------------------------------------------------------------------+
; in0            ; 1000000 ; Unsigned Binary                                                                   ;
; in1            ; 1111001 ; Unsigned Binary                                                                   ;
; in2            ; 0100100 ; Unsigned Binary                                                                   ;
; in3            ; 0110000 ; Unsigned Binary                                                                   ;
; in4            ; 0011001 ; Unsigned Binary                                                                   ;
; in5            ; 0010010 ; Unsigned Binary                                                                   ;
; in6            ; 0000010 ; Unsigned Binary                                                                   ;
; in7            ; 1111000 ; Unsigned Binary                                                                   ;
; in8            ; 0000000 ; Unsigned Binary                                                                   ;
; in9            ; 0010000 ; Unsigned Binary                                                                   ;
; in10           ; 0001000 ; Unsigned Binary                                                                   ;
; in11           ; 0000011 ; Unsigned Binary                                                                   ;
; in12           ; 1000110 ; Unsigned Binary                                                                   ;
; in13           ; 0100001 ; Unsigned Binary                                                                   ;
; in14           ; 0000110 ; Unsigned Binary                                                                   ;
; in15           ; 0001110 ; Unsigned Binary                                                                   ;
+----------------+---------+-----------------------------------------------------------------------------------+
Note: In order to hide this table in the UI and the text report file, please set the "Show Parameter Settings in Synthesis Report" option in "Analysis and Synthesis Settings -> More Settings" to "Off".


+--------------------------------------------------------------------------------------------------------------+
; Parameter Settings for User Entity Instance: calculator_rtl:u_calculator_rtl|number_display:display[1].disp1 ;
+----------------+---------+-----------------------------------------------------------------------------------+
; Parameter Name ; Value   ; Type                                                                              ;
+----------------+---------+-----------------------------------------------------------------------------------+
; in0            ; 1000000 ; Unsigned Binary                                                                   ;
; in1            ; 1111001 ; Unsigned Binary                                                                   ;
; in2            ; 0100100 ; Unsigned Binary                                                                   ;
; in3            ; 0110000 ; Unsigned Binary                                                                   ;
; in4            ; 0011001 ; Unsigned Binary                                                                   ;
; in5            ; 0010010 ; Unsigned Binary                                                                   ;
; in6            ; 0000010 ; Unsigned Binary                                                                   ;
; in7            ; 1111000 ; Unsigned Binary                                                                   ;
; in8            ; 0000000 ; Unsigned Binary                                                                   ;
; in9            ; 0010000 ; Unsigned Binary                                                                   ;
; in10           ; 0001000 ; Unsigned Binary                                                                   ;
; in11           ; 0000011 ; Unsigned Binary                                                                   ;
; in12           ; 1000110 ; Unsigned Binary                                                                   ;
; in13           ; 0100001 ; Unsigned Binary                                                                   ;
; in14           ; 0000110 ; Unsigned Binary                                                                   ;
; in15           ; 0001110 ; Unsigned Binary                                                                   ;
+----------------+---------+-----------------------------------------------------------------------------------+
Note: In order to hide this table in the UI and the text report file, please set the "Show Parameter Settings in Synthesis Report" option in "Analysis and Synthesis Settings -> More Settings" to "Off".


+--------------------------------------------------------------------------------------------------------------+
; Parameter Settings for User Entity Instance: calculator_rtl:u_calculator_rtl|number_display:display[1].disp2 ;
+----------------+---------+-----------------------------------------------------------------------------------+
; Parameter Name ; Value   ; Type                                                                              ;
+----------------+---------+-----------------------------------------------------------------------------------+
; in0            ; 1000000 ; Unsigned Binary                                                                   ;
; in1            ; 1111001 ; Unsigned Binary                                                                   ;
; in2            ; 0100100 ; Unsigned Binary                                                                   ;
; in3            ; 0110000 ; Unsigned Binary                                                                   ;
; in4            ; 0011001 ; Unsigned Binary                                                                   ;
; in5            ; 0010010 ; Unsigned Binary                                                                   ;
; in6            ; 0000010 ; Unsigned Binary                                                                   ;
; in7            ; 1111000 ; Unsigned Binary                                                                   ;
; in8            ; 0000000 ; Unsigned Binary                                                                   ;
; in9            ; 0010000 ; Unsigned Binary                                                                   ;
; in10           ; 0001000 ; Unsigned Binary                                                                   ;
; in11           ; 0000011 ; Unsigned Binary                                                                   ;
; in12           ; 1000110 ; Unsigned Binary                                                                   ;
; in13           ; 0100001 ; Unsigned Binary                                                                   ;
; in14           ; 0000110 ; Unsigned Binary                                                                   ;
; in15           ; 0001110 ; Unsigned Binary                                                                   ;
+----------------+---------+-----------------------------------------------------------------------------------+
Note: In order to hide this table in the UI and the text report file, please set the "Show Parameter Settings in Synthesis Report" option in "Analysis and Synthesis Settings -> More Settings" to "Off".


+--------------------------------------------------------------------------------------------------------------+
; Parameter Settings for User Entity Instance: calculator_rtl:u_calculator_rtl|number_display:display[2].disp1 ;
+----------------+---------+-----------------------------------------------------------------------------------+
; Parameter Name ; Value   ; Type                                                                              ;
+----------------+---------+-----------------------------------------------------------------------------------+
; in0            ; 1000000 ; Unsigned Binary                                                                   ;
; in1            ; 1111001 ; Unsigned Binary                                                                   ;
; in2            ; 0100100 ; Unsigned Binary                                                                   ;
; in3            ; 0110000 ; Unsigned Binary                                                                   ;
; in4            ; 0011001 ; Unsigned Binary                                                                   ;
; in5            ; 0010010 ; Unsigned Binary                                                                   ;
; in6            ; 0000010 ; Unsigned Binary                                                                   ;
; in7            ; 1111000 ; Unsigned Binary                                                                   ;
; in8            ; 0000000 ; Unsigned Binary                                                                   ;
; in9            ; 0010000 ; Unsigned Binary                                                                   ;
; in10           ; 0001000 ; Unsigned Binary                                                                   ;
; in11           ; 0000011 ; Unsigned Binary                                                                   ;
; in12           ; 1000110 ; Unsigned Binary                                                                   ;
; in13           ; 0100001 ; Unsigned Binary                                                                   ;
; in14           ; 0000110 ; Unsigned Binary                                                                   ;
; in15           ; 0001110 ; Unsigned Binary                                                                   ;
+----------------+---------+-----------------------------------------------------------------------------------+
Note: In order to hide this table in the UI and the text report file, please set the "Show Parameter Settings in Synthesis Report" option in "Analysis and Synthesis Settings -> More Settings" to "Off".


+--------------------------------------------------------------------------------------------------------------+
; Parameter Settings for User Entity Instance: calculator_rtl:u_calculator_rtl|number_display:display[2].disp2 ;
+----------------+---------+-----------------------------------------------------------------------------------+
; Parameter Name ; Value   ; Type                                                                              ;
+----------------+---------+-----------------------------------------------------------------------------------+
; in0            ; 1000000 ; Unsigned Binary                                                                   ;
; in1            ; 1111001 ; Unsigned Binary                                                                   ;
; in2            ; 0100100 ; Unsigned Binary                                                                   ;
; in3            ; 0110000 ; Unsigned Binary                                                                   ;
; in4            ; 0011001 ; Unsigned Binary                                                                   ;
; in5            ; 0010010 ; Unsigned Binary                                                                   ;
; in6            ; 0000010 ; Unsigned Binary                                                                   ;
; in7            ; 1111000 ; Unsigned Binary                                                                   ;
; in8            ; 0000000 ; Unsigned Binary                                                                   ;
; in9            ; 0010000 ; Unsigned Binary                                                                   ;
; in10           ; 0001000 ; Unsigned Binary                                                                   ;
; in11           ; 0000011 ; Unsigned Binary                                                                   ;
; in12           ; 1000110 ; Unsigned Binary                                                                   ;
; in13           ; 0100001 ; Unsigned Binary                                                                   ;
; in14           ; 0000110 ; Unsigned Binary                                                                   ;
; in15           ; 0001110 ; Unsigned Binary                                                                   ;
+----------------+---------+-----------------------------------------------------------------------------------+
Note: In order to hide this table in the UI and the text report file, please set the "Show Parameter Settings in Synthesis Report" option in "Analysis and Synthesis Settings -> More Settings" to "Off".


+-----------------------------------------------------------------------------------------------------------------------------------------------------------------------------------------------------------------+
; Port Connectivity Checks: "calculator_rtl:u_calculator_rtl|number_display:display[2].disp2"                                                                                                                     ;
+---------+-------+----------+------------------------------------------------------------------------------------------------------------------------------------------------------------------------------------+
; Port    ; Type  ; Severity ; Details                                                                                                                                                                            ;
+---------+-------+----------+------------------------------------------------------------------------------------------------------------------------------------------------------------------------------------+
; sel     ; Input ; Warning  ; Input port expression (32 bits) is wider than the input port (1 bits) it drives.  The 31 most-significant bit(s) in the expression will be dangling if they have no other fanouts. ;
; sel[-1] ; Input ; Info     ; Stuck at GND                                                                                                                                                                       ;
+---------+-------+----------+------------------------------------------------------------------------------------------------------------------------------------------------------------------------------------+


+-----------------------------------------------------------------------------------------------------------------------------------------------------------------------------------------------------------------+
; Port Connectivity Checks: "calculator_rtl:u_calculator_rtl|number_display:display[2].disp1"                                                                                                                     ;
+---------+-------+----------+------------------------------------------------------------------------------------------------------------------------------------------------------------------------------------+
; Port    ; Type  ; Severity ; Details                                                                                                                                                                            ;
+---------+-------+----------+------------------------------------------------------------------------------------------------------------------------------------------------------------------------------------+
; sel     ; Input ; Warning  ; Input port expression (32 bits) is wider than the input port (1 bits) it drives.  The 31 most-significant bit(s) in the expression will be dangling if they have no other fanouts. ;
; sel[-1] ; Input ; Info     ; Stuck at GND                                                                                                                                                                       ;
+---------+-------+----------+------------------------------------------------------------------------------------------------------------------------------------------------------------------------------------+


+-----------------------------------------------------------------------------------------------------------------------------------------------------------------------------------------------------------------+
; Port Connectivity Checks: "calculator_rtl:u_calculator_rtl|number_display:display[1].disp2"                                                                                                                     ;
+---------+-------+----------+------------------------------------------------------------------------------------------------------------------------------------------------------------------------------------+
; Port    ; Type  ; Severity ; Details                                                                                                                                                                            ;
+---------+-------+----------+------------------------------------------------------------------------------------------------------------------------------------------------------------------------------------+
; sel     ; Input ; Warning  ; Input port expression (32 bits) is wider than the input port (1 bits) it drives.  The 31 most-significant bit(s) in the expression will be dangling if they have no other fanouts. ;
; sel[-1] ; Input ; Info     ; Stuck at GND                                                                                                                                                                       ;
+---------+-------+----------+------------------------------------------------------------------------------------------------------------------------------------------------------------------------------------+


+-----------------------------------------------------------------------------------------------------------------------------------------------------------------------------------------------------------------+
; Port Connectivity Checks: "calculator_rtl:u_calculator_rtl|number_display:display[1].disp1"                                                                                                                     ;
+---------+-------+----------+------------------------------------------------------------------------------------------------------------------------------------------------------------------------------------+
; Port    ; Type  ; Severity ; Details                                                                                                                                                                            ;
+---------+-------+----------+------------------------------------------------------------------------------------------------------------------------------------------------------------------------------------+
; sel     ; Input ; Warning  ; Input port expression (32 bits) is wider than the input port (1 bits) it drives.  The 31 most-significant bit(s) in the expression will be dangling if they have no other fanouts. ;
; sel[-1] ; Input ; Info     ; Stuck at GND                                                                                                                                                                       ;
+---------+-------+----------+------------------------------------------------------------------------------------------------------------------------------------------------------------------------------------+


+-----------------------------------------------------------------------------------------------------------------------------------------------------------------------------------------------------------------+
; Port Connectivity Checks: "calculator_rtl:u_calculator_rtl|number_display:display[0].disp2"                                                                                                                     ;
+---------+-------+----------+------------------------------------------------------------------------------------------------------------------------------------------------------------------------------------+
; Port    ; Type  ; Severity ; Details                                                                                                                                                                            ;
+---------+-------+----------+------------------------------------------------------------------------------------------------------------------------------------------------------------------------------------+
; sel     ; Input ; Warning  ; Input port expression (32 bits) is wider than the input port (1 bits) it drives.  The 31 most-significant bit(s) in the expression will be dangling if they have no other fanouts. ;
; sel[-1] ; Input ; Info     ; Stuck at GND                                                                                                                                                                       ;
+---------+-------+----------+------------------------------------------------------------------------------------------------------------------------------------------------------------------------------------+


+-----------------------------------------------------------------------------------------------------------------------------------------------------------------------------------------------------------------+
; Port Connectivity Checks: "calculator_rtl:u_calculator_rtl|number_display:display[0].disp1"                                                                                                                     ;
+---------+-------+----------+------------------------------------------------------------------------------------------------------------------------------------------------------------------------------------+
; Port    ; Type  ; Severity ; Details                                                                                                                                                                            ;
+---------+-------+----------+------------------------------------------------------------------------------------------------------------------------------------------------------------------------------------+
; sel     ; Input ; Warning  ; Input port expression (32 bits) is wider than the input port (1 bits) it drives.  The 31 most-significant bit(s) in the expression will be dangling if they have no other fanouts. ;
; sel[-1] ; Input ; Info     ; Stuck at GND                                                                                                                                                                       ;
+---------+-------+----------+------------------------------------------------------------------------------------------------------------------------------------------------------------------------------------+


+--------------------------------------------------------------------------------------------------------------------------------------------------------------------------------+
; Port Connectivity Checks: "calculator_rtl:u_calculator_rtl|bin2bcd:bcd2"                                                                                                       ;
+----------+-------+----------+--------------------------------------------------------------------------------------------------------------------------------------------------+
; Port     ; Type  ; Severity ; Details                                                                                                                                          ;
+----------+-------+----------+--------------------------------------------------------------------------------------------------------------------------------------------------+
; bin_code ; Input ; Warning  ; Input port expression (7 bits) is smaller than the input port (8 bits) it drives.  Extra input bit(s) "bin_code[7..7]" will be connected to GND. ;
+----------+-------+----------+--------------------------------------------------------------------------------------------------------------------------------------------------+


+--------------------------------------------------------------------------------------------------------------------------------------------------------------------------------+
; Port Connectivity Checks: "calculator_rtl:u_calculator_rtl|bin2bcd:bcd1"                                                                                                       ;
+----------+-------+----------+--------------------------------------------------------------------------------------------------------------------------------------------------+
; Port     ; Type  ; Severity ; Details                                                                                                                                          ;
+----------+-------+----------+--------------------------------------------------------------------------------------------------------------------------------------------------+
; bin_code ; Input ; Warning  ; Input port expression (7 bits) is smaller than the input port (8 bits) it drives.  Extra input bit(s) "bin_code[7..7]" will be connected to GND. ;
+----------+-------+----------+--------------------------------------------------------------------------------------------------------------------------------------------------+


+-----------------------------------------------------+
; Post-Synthesis Netlist Statistics for Top Partition ;
+-----------------------+-----------------------------+
; Type                  ; Count                       ;
+-----------------------+-----------------------------+
; boundary_port         ; 60                          ;
; cycloneiii_lcell_comb ; 132                         ;
;     arith             ; 8                           ;
;         2 data inputs ; 1                           ;
;         3 data inputs ; 7                           ;
;     normal            ; 124                         ;
;         0 data inputs ; 2                           ;
;         1 data inputs ; 6                           ;
;         2 data inputs ; 11                          ;
;         3 data inputs ; 17                          ;
;         4 data inputs ; 88                          ;
;                       ;                             ;
; Max LUT depth         ; 10.70                       ;
; Average LUT depth     ; 7.70                        ;
+-----------------------+-----------------------------+


+-------------------------------+
; Elapsed Time Per Partition    ;
+----------------+--------------+
; Partition Name ; Elapsed Time ;
+----------------+--------------+
; Top            ; 00:00:01     ;
+----------------+--------------+


+-------------------------------+
; Analysis & Synthesis Messages ;
+-------------------------------+
Info: *******************************************************************
Info: Running Quartus Prime Analysis & Synthesis
    Info: Version 23.1std.0 Build 991 11/28/2023 SC Lite Edition
    Info: Processing started: Mon Apr 14 19:12:41 2025
Info: Command: quartus_map --read_settings_files=on --write_settings_files=off calculator -c calculator
Warning (18236): Number of processors has not been specified which may cause overloading on shared machines.  Set the global assignment NUM_PARALLEL_PROCESSORS in your QSF to an appropriate value for best performance.
Info (20030): Parallel compilation is enabled and will use 16 of the 24 processors detected
Info (12021): Found 1 design units, including 1 entities, in source file /a_study/aaa-daerxia/ic/experiment/4.7/calculator/code/number_display.v
    Info (12023): Found entity 1: number_display File: D:/A_study/AAA-DaErXia/IC/experiment/4.7/calculator/code/number_display.v Line: 1
Info (12021): Found 1 design units, including 1 entities, in source file /a_study/aaa-daerxia/ic/experiment/4.7/calculator/code/calcultator_rtl.v
    Info (12023): Found entity 1: calculator_rtl File: D:/A_study/AAA-DaErXia/IC/experiment/4.7/calculator/code/calcultator_rtl.v Line: 1
Info (12021): Found 1 design units, including 1 entities, in source file /a_study/aaa-daerxia/ic/experiment/4.7/calculator/code/calculator.v
    Info (12023): Found entity 1: calculator File: D:/A_study/AAA-DaErXia/IC/experiment/4.7/calculator/code/calculator.v Line: 1
Info (12021): Found 1 design units, including 1 entities, in source file /a_study/aaa-daerxia/ic/experiment/4.7/calculator/code/bin2bcd.v
    Info (12023): Found entity 1: bin2bcd File: D:/A_study/AAA-DaErXia/IC/experiment/4.7/calculator/code/bin2bcd.v Line: 1
Info (12127): Elaborating entity "calculator" for the top level hierarchy
Info (12128): Elaborating entity "calculator_rtl" for hierarchy "calculator_rtl:u_calculator_rtl" File: D:/A_study/AAA-DaErXia/IC/experiment/4.7/calculator/code/calculator.v Line: 18
Info (12128): Elaborating entity "bin2bcd" for hierarchy "calculator_rtl:u_calculator_rtl|bin2bcd:bcd1" File: D:/A_study/AAA-DaErXia/IC/experiment/4.7/calculator/code/calcultator_rtl.v Line: 16
Warning (10230): Verilog HDL assignment warning at bin2bcd.v(16): truncated value with size 5 to match size of target (4) File: D:/A_study/AAA-DaErXia/IC/experiment/4.7/calculator/code/bin2bcd.v Line: 16
Info (12128): Elaborating entity "number_display" for hierarchy "calculator_rtl:u_calculator_rtl|number_display:display[0].disp1" File: D:/A_study/AAA-DaErXia/IC/experiment/4.7/calculator/code/calcultator_rtl.v Line: 35
Warning (12241): 8 hierarchies have connectivity warnings - see the Connectivity Checks report folder
Warning (13024): Output pins are stuck at VCC or GND
    Warning (13410): Pin "HEX7[1]" is stuck at GND File: D:/A_study/AAA-DaErXia/IC/experiment/4.7/calculator/code/calculator.v Line: 3
    Warning (13410): Pin "HEX7[2]" is stuck at GND File: D:/A_study/AAA-DaErXia/IC/experiment/4.7/calculator/code/calculator.v Line: 3
    Warning (13410): Pin "HEX7[6]" is stuck at VCC File: D:/A_study/AAA-DaErXia/IC/experiment/4.7/calculator/code/calculator.v Line: 3
    Warning (13410): Pin "HEX2[1]" is stuck at GND File: D:/A_study/AAA-DaErXia/IC/experiment/4.7/calculator/code/calculator.v Line: 6
Info (286030): Timing-Driven Synthesis is running
Info (16010): Generating hard_block partition "hard_block:auto_generated_inst"
    Info (16011): Adding 0 node(s), including 0 DDIO, 0 PLL, 0 transceiver and 0 LCELL
Warning (21074): Design contains 2 input pin(s) that do not drive logic
    Warning (15610): No output dependent on input pin "SW[7]" File: D:/A_study/AAA-DaErXia/IC/experiment/4.7/calculator/code/calculator.v Line: 2
    Warning (15610): No output dependent on input pin "SW[15]" File: D:/A_study/AAA-DaErXia/IC/experiment/4.7/calculator/code/calculator.v Line: 2
Info (21057): Implemented 185 device resources after synthesis - the final resource count might be different
    Info (21058): Implemented 18 input pins
    Info (21059): Implemented 42 output pins
    Info (21061): Implemented 125 logic cells
Info: Quartus Prime Analysis & Synthesis was successful. 0 errors, 11 warnings
    Info: Peak virtual memory: 4808 megabytes
    Info: Processing ended: Mon Apr 14 19:12:48 2025
    Info: Elapsed time: 00:00:07
    Info: Total CPU time (on all processors): 00:00:15


